2024-11-14 21:48:39.453  INFO 1 - [       main] c.epam.healenium.Application     : Starting Application v3.4.6 using Java 22.0.2 with PID 1 (/healenium-backend.jar started by root in /) 
2024-11-14 21:48:39.593  INFO 1 - [       main] c.epam.healenium.Application     : No active profile set, falling back to 1 default profile: "default" 
2024-11-14 21:48:43.005  INFO 1 - [       main] .RepositoryConfigurationDelegate : Bootstrapping Spring Data JPA repositories in DEFAULT mode. 
2024-11-14 21:48:43.447  INFO 1 - [       main] .RepositoryConfigurationDelegate : Finished Spring Data repository scanning in 421 ms. Found 4 JPA repository interfaces. 
2024-11-14 21:48:45.228  INFO 1 - [       main] o.s.b.w.e.t.TomcatWebServer      : Tomcat initialized with port 7878 (http) 
2024-11-14 21:48:45.249  INFO 1 - [       main] o.a.c.core.StandardService       : Starting service [Tomcat] 
2024-11-14 21:48:45.250  INFO 1 - [       main] o.a.c.core.StandardEngine        : Starting Servlet engine: [Apache Tomcat/10.1.30] 
2024-11-14 21:48:45.291  INFO 1 - [       main] o.a.c.c.C.[.[localhost].[/]      : Initializing Spring embedded WebApplicationContext 
2024-11-14 21:48:45.292  INFO 1 - [       main] rvletWebServerApplicationContext : Root WebApplicationContext: initialization completed in 5508 ms 
2024-11-14 21:48:45.674  INFO 1 - [       main] c.z.hikari.HikariDataSource      : HikariPool-1 - Starting... 
2024-11-14 21:48:45.939  INFO 1 - [       main] c.z.hikari.HikariDataSource      : HikariPool-1 - Start completed. 
2024-11-14 21:48:46.187  INFO 1 - [       main] liquibase.database               : Set default schema name to healenium 
2024-11-14 21:48:46.896  INFO 1 - [       main] liquibase.changelog              : Creating database history table with name: healenium.databasechangelog 
2024-11-14 21:48:46.933  INFO 1 - [       main] liquibase.changelog              : Reading from healenium.databasechangelog 
2024-11-14 21:48:47.112  INFO 1 - [       main] liquibase.lockservice            : Successfully acquired change log lock 
2024-11-14 21:48:47.114  INFO 1 - [       main] liquibase.command                : Using deploymentId: 1610127114 
2024-11-14 21:48:47.117  INFO 1 - [       main] liquibase.changelog              : Reading from healenium.databasechangelog 
2024-11-14 21:48:47.149  INFO 1 - [       main] liquibase.ui                     : Running Changeset: changelog/001_createSequence.xml::3::nkobzev 
2024-11-14 21:48:47.155  INFO 1 - [       main] liquibase.changelog              : Sequence healing_result_seq created 
2024-11-14 21:48:47.158  INFO 1 - [       main] liquibase.changelog              : ChangeSet changelog/001_createSequence.xml::3::nkobzev ran successfully in 7ms 
2024-11-14 21:48:47.170  INFO 1 - [       main] liquibase.ui                     : Running Changeset: changelog/002_selector.xml::5::nkobzev 
2024-11-14 21:48:47.179  INFO 1 - [       main] liquibase.changelog              : Table SELECTOR created 
2024-11-14 21:48:47.181  INFO 1 - [       main] liquibase.changelog              : ChangeSet changelog/002_selector.xml::5::nkobzev ran successfully in 11ms 
2024-11-14 21:48:47.186  INFO 1 - [       main] liquibase.ui                     : Running Changeset: changelog/002_selector.xml::6::nkobzev 
2024-11-14 21:48:47.219  INFO 1 - [       main] liquibase.changelog              : Index SELECTOR_PK created 
2024-11-14 21:48:47.221  INFO 1 - [       main] liquibase.changelog              : ChangeSet changelog/002_selector.xml::6::nkobzev ran successfully in 35ms 
2024-11-14 21:48:47.226  INFO 1 - [       main] liquibase.ui                     : Running Changeset: changelog/003_healing.xml::7::nkobzev 
2024-11-14 21:48:47.233  INFO 1 - [       main] liquibase.changelog              : Table HEALING created 
2024-11-14 21:48:47.236  INFO 1 - [       main] liquibase.changelog              : ChangeSet changelog/003_healing.xml::7::nkobzev ran successfully in 8ms 
2024-11-14 21:48:47.241  INFO 1 - [       main] liquibase.ui                     : Running Changeset: changelog/003_healing.xml::8::nkobzev 
2024-11-14 21:48:47.262  INFO 1 - [       main] liquibase.changelog              : Index HEALING_PK created 
2024-11-14 21:48:47.267  INFO 1 - [       main] liquibase.changelog              : Foreign key constraint added to HEALING (SELECTOR_ID) 
2024-11-14 21:48:47.269  INFO 1 - [       main] liquibase.changelog              : ChangeSet changelog/003_healing.xml::8::nkobzev ran successfully in 27ms 
2024-11-14 21:48:47.275  INFO 1 - [       main] liquibase.ui                     : Running Changeset: changelog/004_healingResult.xml::9::nkobzev 
2024-11-14 21:48:47.283  INFO 1 - [       main] liquibase.changelog              : Table HEALING_RESULT created 
2024-11-14 21:48:47.285  INFO 1 - [       main] liquibase.changelog              : ChangeSet changelog/004_healingResult.xml::9::nkobzev ran successfully in 9ms 
2024-11-14 21:48:47.290  INFO 1 - [       main] liquibase.ui                     : Running Changeset: changelog/004_healingResult.xml::10::nkobzev 
2024-11-14 21:48:47.314  INFO 1 - [       main] liquibase.changelog              : Index HEALING_RESULT_PK created 
2024-11-14 21:48:47.318  INFO 1 - [       main] liquibase.changelog              : Foreign key constraint added to HEALING_RESULT (HEALING_ID) 
2024-11-14 21:48:47.320  INFO 1 - [       main] liquibase.changelog              : ChangeSet changelog/004_healingResult.xml::10::nkobzev ran successfully in 29ms 
2024-11-14 21:48:47.325  INFO 1 - [       main] liquibase.ui                     : Running Changeset: changelog/005_report.xml::11::nkobzev 
2024-11-14 21:48:47.332  INFO 1 - [       main] liquibase.changelog              : Table REPORT created 
2024-11-14 21:48:47.334  INFO 1 - [       main] liquibase.changelog              : ChangeSet changelog/005_report.xml::11::nkobzev ran successfully in 8ms 
2024-11-14 21:48:47.339  INFO 1 - [       main] liquibase.ui                     : Running Changeset: changelog/005_report.xml::12::nkobzev 
2024-11-14 21:48:47.363  INFO 1 - [       main] liquibase.changelog              : Index REPORT_PK created 
2024-11-14 21:48:47.365  INFO 1 - [       main] liquibase.changelog              : ChangeSet changelog/005_report.xml::12::nkobzev ran successfully in 26ms 
2024-11-14 21:48:47.370  INFO 1 - [       main] liquibase.ui                     : Running Changeset: changelog/006_command_and_healingenable_column.xml::13::nkobzev 
2024-11-14 21:48:47.373  INFO 1 - [       main] liquibase.changelog              : Columns COMMAND(VARCHAR(264)),ENABLE_HEALING(BOOLEAN) added to SELECTOR 
2024-11-14 21:48:47.375  INFO 1 - [       main] liquibase.changelog              : ChangeSet changelog/006_command_and_healingenable_column.xml::13::nkobzev ran successfully in 5ms 
2024-11-14 21:48:47.384  INFO 1 - [       main] liquibase.util                   : UPDATE SUMMARY 
2024-11-14 21:48:47.384  INFO 1 - [       main] liquibase.util                   : Run:                         10 
2024-11-14 21:48:47.385  INFO 1 - [       main] liquibase.util                   : Previously run:               0 
2024-11-14 21:48:47.385  INFO 1 - [       main] liquibase.util                   : Filtered out:                 0 
2024-11-14 21:48:47.385  INFO 1 - [       main] liquibase.util                   : ------------------------------- 
2024-11-14 21:48:47.386  INFO 1 - [       main] liquibase.util                   : Total change sets:           10 
2024-11-14 21:48:47.386  INFO 1 - [       main] liquibase.util                   : Update summary generated 
2024-11-14 21:48:47.390  INFO 1 - [       main] liquibase.command                : Update command completed successfully. 
2024-11-14 21:48:47.391  INFO 1 - [       main] liquibase.ui                     : Liquibase: Update has been successful. Rows affected: 10 
2024-11-14 21:48:47.395  INFO 1 - [       main] liquibase.lockservice            : Successfully released change log lock 
2024-11-14 21:48:47.396  INFO 1 - [       main] liquibase.command                : Command execution complete 
2024-11-14 21:48:47.535  INFO 1 - [       main] o.h.j.internal.util.LogHelper    : HHH000204: Processing PersistenceUnitInfo [name: default] 
2024-11-14 21:48:47.653  INFO 1 - [       main] org.hibernate.Version            : HHH000412: Hibernate ORM core version 6.5.3.Final 
2024-11-14 21:48:47.699  INFO 1 - [       main] o.h.c.i.RegionFactoryInitiator   : HHH000026: Second-level cache disabled 
2024-11-14 21:48:48.148  INFO 1 - [       main] .o.j.p.SpringPersistenceUnitInfo : No LoadTimeWeaver setup: ignoring JPA class transformer 
2024-11-14 21:48:48.169  WARN 1 - [       main] org.hibernate.orm.deprecation    : HHH90000021: Encountered deprecated setting [hibernate.temp.use_jdbc_metadata_defaults], use [hibernate.boot.allow_jdbc_metadata_access] instead 
2024-11-14 21:48:48.197  WARN 1 - [       main] org.hibernate.orm.deprecation    : HHH90000025: PostgreSQLDialect does not need to be specified explicitly using 'hibernate.dialect' (remove the property setting and it will be selected by default) 
2024-11-14 21:48:49.484  WARN 1 - [       main] o.h.m.internal.MetadataContext   : HHH015011: Unable to locate static metamodel field : com.epam.healenium.model.domain.Selector_#nodePathWrapper; this may or may not indicate a problem with the static metamodel 
2024-11-14 21:48:49.491  INFO 1 - [       main] h.e.t.j.p.i.JtaPlatformInitiator : HHH000489: No JTA platform available (set 'hibernate.transaction.jta.platform' to enable JTA platform integration) 
2024-11-14 21:48:49.495  INFO 1 - [       main] ontainerEntityManagerFactoryBean : Initialized JPA EntityManagerFactory for persistence unit 'default' 
2024-11-14 21:48:49.997  INFO 1 - [       main] o.s.d.j.r.q.QueryEnhancerFactory : Hibernate is in classpath; If applicable, HQL parser will be used. 
2024-11-14 21:48:50.730  INFO 1 - [       main] .a.w.s.WelcomePageHandlerMapping : Adding welcome page template: index 
2024-11-14 21:48:51.552  INFO 1 - [       main] .s.b.a.e.w.EndpointLinksResolver : Exposing 1 endpoint beneath base path '/actuator' 
2024-11-14 21:48:51.715  INFO 1 - [       main] o.s.b.w.e.t.TomcatWebServer      : Tomcat started on port 7878 (http) with context path '/' 
2024-11-14 21:48:51.830  INFO 1 - [       main] c.epam.healenium.Application     : Started Application in 14.552 seconds (process running for 16.069) 
2024-11-14 22:13:22.314  INFO 1 - [7878-exec-1] o.a.c.c.C.[.[localhost].[/]      : Initializing Spring DispatcherServlet 'dispatcherServlet' 
2024-11-14 22:13:22.314  INFO 1 - [7878-exec-1] o.s.w.s.DispatcherServlet        : Initializing Servlet 'dispatcherServlet' 
2024-11-14 22:13:22.317  INFO 1 - [7878-exec-1] o.s.w.s.DispatcherServlet        : Completed initialization in 1 ms 
2024-11-14 22:45:18.680  INFO 1 - [7878-exec-5] healenium                        : [Save Elements] Request: By.xpath(//span[@class='label'][contains(.,'Account')]) 
2024-11-14 22:45:19.348  INFO 1 - [7878-exec-6] healenium                        : [Save Elements] Request: By.xpath(//span[@class='label'][contains(.,'Account')]) 
2024-11-14 22:45:19.997  INFO 1 - [7878-exec-7] healenium                        : [Save Elements] Request: By.xpath(//span[@class='label'][contains(.,'Account')]) 
2024-11-14 22:45:20.626  INFO 1 - [7878-exec-8] healenium                        : [Save Elements] Request: By.xpath(//span[@class='label'][contains(.,'Account')]) 
2024-11-14 22:45:21.256  INFO 1 - [7878-exec-9] healenium                        : [Save Elements] Request: By.xpath(//span[@class='label'][contains(.,'Account')]) 
2024-11-14 22:45:21.886  INFO 1 - [878-exec-10] healenium                        : [Save Elements] Request: By.xpath(//span[@class='label'][contains(.,'Account')]) 
2024-11-14 22:45:22.517  INFO 1 - [7878-exec-1] healenium                        : [Save Elements] Request: By.xpath(//span[@class='label'][contains(.,'Account')]) 
2024-11-14 22:45:23.154  INFO 1 - [7878-exec-2] healenium                        : [Save Elements] Request: By.xpath(//span[@class='label'][contains(.,'Account')]) 
2024-11-14 22:45:23.782  INFO 1 - [7878-exec-3] healenium                        : [Save Elements] Request: By.xpath(//span[@class='label'][contains(.,'Account')]) 
2024-11-14 22:45:24.414  INFO 1 - [7878-exec-4] healenium                        : [Save Elements] Request: By.xpath(//span[@class='label'][contains(.,'Account')]) 
2024-11-14 22:45:25.041  INFO 1 - [7878-exec-5] healenium                        : [Save Elements] Request: By.xpath(//span[@class='label'][contains(.,'Account')]) 
2024-11-14 22:45:25.671  INFO 1 - [7878-exec-6] healenium                        : [Save Elements] Request: By.xpath(//span[@class='label'][contains(.,'Account')]) 
2024-11-14 22:45:26.294  INFO 1 - [7878-exec-7] healenium                        : [Save Elements] Request: By.xpath(//span[@class='label'][contains(.,'Account')]) 
2024-11-14 22:45:26.923  INFO 1 - [7878-exec-8] healenium                        : [Save Elements] Request: By.xpath(//span[@class='label'][contains(.,'Account')]) 
2024-11-14 22:45:27.551  INFO 1 - [7878-exec-9] healenium                        : [Save Elements] Request: By.xpath(//span[@class='label'][contains(.,'Account')]) 
2024-11-14 22:45:28.171  INFO 1 - [878-exec-10] healenium                        : [Save Elements] Request: By.xpath(//span[@class='label'][contains(.,'Account')]) 
2024-11-14 22:45:28.799  INFO 1 - [7878-exec-1] healenium                        : [Save Elements] Request: By.xpath(//span[@class='label'][contains(.,'Account')]) 
2024-11-14 22:45:29.418  INFO 1 - [7878-exec-2] healenium                        : [Save Elements] Request: By.xpath(//span[@class='label'][contains(.,'Account')]) 
2024-11-14 22:45:30.036  INFO 1 - [7878-exec-3] healenium                        : [Save Elements] Request: By.xpath(//span[@class='label'][contains(.,'Account')]) 
2024-11-14 22:45:30.659  INFO 1 - [7878-exec-4] healenium                        : [Save Elements] Request: By.xpath(//span[@class='label'][contains(.,'Account')]) 
2024-11-14 22:45:31.280  INFO 1 - [7878-exec-5] healenium                        : [Save Elements] Request: By.xpath(//span[@class='label'][contains(.,'Account')]) 
2024-11-14 22:45:31.897  INFO 1 - [7878-exec-6] healenium                        : [Save Elements] Request: By.xpath(//span[@class='label'][contains(.,'Account')]) 
2024-11-14 22:45:32.517  INFO 1 - [7878-exec-7] healenium                        : [Save Elements] Request: By.xpath(//span[@class='label'][contains(.,'Account')]) 
2024-11-14 22:45:33.141  INFO 1 - [7878-exec-8] healenium                        : [Save Elements] Request: By.xpath(//span[@class='label'][contains(.,'Account')]) 
2024-11-14 22:45:33.761  INFO 1 - [7878-exec-9] healenium                        : [Save Elements] Request: By.xpath(//span[@class='label'][contains(.,'Account')]) 
2024-11-14 22:45:34.390  INFO 1 - [878-exec-10] healenium                        : [Save Elements] Request: By.xpath(//span[@class='label'][contains(.,'Account')]) 
2024-11-14 22:45:35.009  INFO 1 - [7878-exec-1] healenium                        : [Save Elements] Request: By.xpath(//span[@class='label'][contains(.,'Account')]) 
2024-11-14 22:45:35.630  INFO 1 - [7878-exec-2] healenium                        : [Save Elements] Request: By.xpath(//span[@class='label'][contains(.,'Account')]) 
2024-11-14 22:45:36.249  INFO 1 - [7878-exec-3] healenium                        : [Save Elements] Request: By.xpath(//span[@class='label'][contains(.,'Account')]) 
2024-11-14 22:45:36.867  INFO 1 - [7878-exec-4] healenium                        : [Save Elements] Request: By.xpath(//span[@class='label'][contains(.,'Account')]) 
2024-11-14 22:45:37.488  INFO 1 - [7878-exec-5] healenium                        : [Save Elements] Request: By.xpath(//span[@class='label'][contains(.,'Account')]) 
2024-11-14 22:45:38.107  INFO 1 - [7878-exec-6] healenium                        : [Save Elements] Request: By.xpath(//span[@class='label'][contains(.,'Account')]) 
2024-11-14 22:45:38.727  INFO 1 - [7878-exec-7] healenium                        : [Save Elements] Request: By.xpath(//span[@class='label'][contains(.,'Account')]) 
2024-11-14 22:45:39.350  INFO 1 - [7878-exec-8] healenium                        : [Save Elements] Request: By.xpath(//span[@class='label'][contains(.,'Account')]) 
2024-11-14 22:45:39.966  INFO 1 - [7878-exec-9] healenium                        : [Save Elements] Request: By.xpath(//span[@class='label'][contains(.,'Account')]) 
2024-11-14 22:45:40.595  INFO 1 - [878-exec-10] healenium                        : [Save Elements] Request: By.xpath(//span[@class='label'][contains(.,'Account')]) 
2024-11-14 22:45:41.216  INFO 1 - [7878-exec-1] healenium                        : [Save Elements] Request: By.xpath(//span[@class='label'][contains(.,'Account')]) 
2024-11-14 22:45:41.838  INFO 1 - [7878-exec-2] healenium                        : [Save Elements] Request: By.xpath(//span[@class='label'][contains(.,'Account')]) 
2024-11-14 22:45:42.468  INFO 1 - [7878-exec-3] healenium                        : [Save Elements] Request: By.xpath(//span[@class='label'][contains(.,'Account')]) 
2024-11-14 22:45:43.086  INFO 1 - [7878-exec-4] healenium                        : [Save Elements] Request: By.xpath(//span[@class='label'][contains(.,'Account')]) 
2024-11-14 22:45:43.695  INFO 1 - [7878-exec-5] healenium                        : [Save Elements] Request: By.xpath(//span[@class='label'][contains(.,'Account')]) 
2024-11-14 22:45:44.309  INFO 1 - [7878-exec-6] healenium                        : [Save Elements] Request: By.xpath(//span[@class='label'][contains(.,'Account')]) 
2024-11-14 22:45:44.927  INFO 1 - [7878-exec-7] healenium                        : [Save Elements] Request: By.xpath(//span[@class='label'][contains(.,'Account')]) 
2024-11-14 22:45:45.536  INFO 1 - [7878-exec-8] healenium                        : [Save Elements] Request: By.xpath(//span[@class='label'][contains(.,'Account')]) 
2024-11-14 22:45:46.148  INFO 1 - [7878-exec-9] healenium                        : [Save Elements] Request: By.xpath(//span[@class='label'][contains(.,'Account')]) 
2024-11-14 22:45:46.777  INFO 1 - [878-exec-10] healenium                        : [Save Elements] Request: By.xpath(//span[@class='label'][contains(.,'Account')]) 
2024-11-14 22:45:47.390  INFO 1 - [7878-exec-1] healenium                        : [Save Elements] Request: By.xpath(//span[@class='label'][contains(.,'Account')]) 
2024-11-14 22:45:48.006  INFO 1 - [7878-exec-2] healenium                        : [Save Elements] Request: By.xpath(//span[@class='label'][contains(.,'Account')]) 
2024-11-14 22:45:48.629  INFO 1 - [7878-exec-3] healenium                        : [Save Elements] Request: By.xpath(//span[@class='label'][contains(.,'Account')]) 
2024-11-14 22:47:39.197  INFO 1 - [7878-exec-9] healenium                        : [Save Elements] Request: By.xpath(//span[@class='label'][contains(.,'Account')]) 
2024-11-14 22:47:43.476  INFO 1 - [878-exec-10] healenium                        : [Save Elements] Request: By.xpath(//a[text()='Log In']) 
2024-11-14 22:47:47.705  INFO 1 - [7878-exec-1] healenium                        : [Save Elements] Request: By.xpath(//input[@id='email']) 
2024-11-14 22:47:49.052  INFO 1 - [7878-exec-2] healenium                        : [Save Elements] Request: By.xpath(//input[@id='pass']) 
2024-11-14 22:47:50.335  INFO 1 - [7878-exec-3] healenium                        : [Save Elements] Request: By.xpath(//button[@title='Login']) 
2024-11-14 22:47:54.585  INFO 1 - [7878-exec-4] healenium                        : [Save Elements] Request: By.xpath((//img[@alt='TealiumEcommerce Demo'])[1]) 
2024-11-14 22:59:47.928  INFO 1 - [hutdownHook] ontainerEntityManagerFactoryBean : Closing JPA EntityManagerFactory for persistence unit 'default' 
2024-11-14 22:59:47.935  INFO 1 - [hutdownHook] c.z.hikari.HikariDataSource      : HikariPool-1 - Shutdown initiated... 
2024-11-14 22:59:47.938  INFO 1 - [hutdownHook] c.z.hikari.HikariDataSource      : HikariPool-1 - Shutdown completed. 
2024-11-14 23:03:05.349  INFO 1 - [       main] c.epam.healenium.Application     : Starting Application v3.4.6 using Java 22.0.2 with PID 1 (/healenium-backend.jar started by root in /) 
2024-11-14 23:03:05.440  INFO 1 - [       main] c.epam.healenium.Application     : No active profile set, falling back to 1 default profile: "default" 
2024-11-14 23:03:08.534  INFO 1 - [       main] .RepositoryConfigurationDelegate : Bootstrapping Spring Data JPA repositories in DEFAULT mode. 
2024-11-14 23:03:08.999  INFO 1 - [       main] .RepositoryConfigurationDelegate : Finished Spring Data repository scanning in 446 ms. Found 4 JPA repository interfaces. 
2024-11-14 23:03:10.645  INFO 1 - [       main] o.s.b.w.e.t.TomcatWebServer      : Tomcat initialized with port 7878 (http) 
2024-11-14 23:03:10.676  INFO 1 - [       main] o.a.c.core.StandardService       : Starting service [Tomcat] 
2024-11-14 23:03:10.677  INFO 1 - [       main] o.a.c.core.StandardEngine        : Starting Servlet engine: [Apache Tomcat/10.1.30] 
2024-11-14 23:03:10.739  INFO 1 - [       main] o.a.c.c.C.[.[localhost].[/]      : Initializing Spring embedded WebApplicationContext 
2024-11-14 23:03:10.740  INFO 1 - [       main] rvletWebServerApplicationContext : Root WebApplicationContext: initialization completed in 5165 ms 
2024-11-14 23:03:11.204  INFO 1 - [       main] c.z.hikari.HikariDataSource      : HikariPool-1 - Starting... 
2024-11-14 23:03:11.492  INFO 1 - [       main] c.z.hikari.HikariDataSource      : HikariPool-1 - Start completed. 
2024-11-14 23:03:11.656  INFO 1 - [       main] liquibase.database               : Set default schema name to healenium 
2024-11-14 23:03:12.431  INFO 1 - [       main] liquibase.changelog              : Reading from healenium.databasechangelog 
2024-11-14 23:03:12.492  INFO 1 - [       main] liquibase.ui                     : Database is up to date, no changesets to execute 
2024-11-14 23:03:12.494  INFO 1 - [       main] liquibase.changelog              : Reading from healenium.databasechangelog 
2024-11-14 23:03:12.504  INFO 1 - [       main] liquibase.util                   : UPDATE SUMMARY 
2024-11-14 23:03:12.505  INFO 1 - [       main] liquibase.util                   : Run:                          0 
2024-11-14 23:03:12.506  INFO 1 - [       main] liquibase.util                   : Previously run:              10 
2024-11-14 23:03:12.506  INFO 1 - [       main] liquibase.util                   : Filtered out:                 0 
2024-11-14 23:03:12.506  INFO 1 - [       main] liquibase.util                   : ------------------------------- 
2024-11-14 23:03:12.507  INFO 1 - [       main] liquibase.util                   : Total change sets:           10 
2024-11-14 23:03:12.508  INFO 1 - [       main] liquibase.util                   : Update summary generated 
2024-11-14 23:03:12.530  INFO 1 - [       main] liquibase.lockservice            : Successfully released change log lock 
2024-11-14 23:03:12.532  INFO 1 - [       main] liquibase.command                : Command execution complete 
2024-11-14 23:03:12.682  INFO 1 - [       main] o.h.j.internal.util.LogHelper    : HHH000204: Processing PersistenceUnitInfo [name: default] 
2024-11-14 23:03:12.794  INFO 1 - [       main] org.hibernate.Version            : HHH000412: Hibernate ORM core version 6.5.3.Final 
2024-11-14 23:03:12.841  INFO 1 - [       main] o.h.c.i.RegionFactoryInitiator   : HHH000026: Second-level cache disabled 
2024-11-14 23:03:13.358  INFO 1 - [       main] .o.j.p.SpringPersistenceUnitInfo : No LoadTimeWeaver setup: ignoring JPA class transformer 
2024-11-14 23:03:13.378  WARN 1 - [       main] org.hibernate.orm.deprecation    : HHH90000021: Encountered deprecated setting [hibernate.temp.use_jdbc_metadata_defaults], use [hibernate.boot.allow_jdbc_metadata_access] instead 
2024-11-14 23:03:13.407  WARN 1 - [       main] org.hibernate.orm.deprecation    : HHH90000025: PostgreSQLDialect does not need to be specified explicitly using 'hibernate.dialect' (remove the property setting and it will be selected by default) 
2024-11-14 23:03:14.765  WARN 1 - [       main] o.h.m.internal.MetadataContext   : HHH015011: Unable to locate static metamodel field : com.epam.healenium.model.domain.Selector_#nodePathWrapper; this may or may not indicate a problem with the static metamodel 
2024-11-14 23:03:14.770  INFO 1 - [       main] h.e.t.j.p.i.JtaPlatformInitiator : HHH000489: No JTA platform available (set 'hibernate.transaction.jta.platform' to enable JTA platform integration) 
2024-11-14 23:03:14.774  INFO 1 - [       main] ontainerEntityManagerFactoryBean : Initialized JPA EntityManagerFactory for persistence unit 'default' 
2024-11-14 23:03:15.316  INFO 1 - [       main] o.s.d.j.r.q.QueryEnhancerFactory : Hibernate is in classpath; If applicable, HQL parser will be used. 
2024-11-14 23:03:16.113  INFO 1 - [       main] .a.w.s.WelcomePageHandlerMapping : Adding welcome page template: index 
2024-11-14 23:03:16.974  INFO 1 - [       main] .s.b.a.e.w.EndpointLinksResolver : Exposing 1 endpoint beneath base path '/actuator' 
2024-11-14 23:03:17.153  INFO 1 - [       main] o.s.b.w.e.t.TomcatWebServer      : Tomcat started on port 7878 (http) with context path '/' 
2024-11-14 23:03:17.278  INFO 1 - [       main] c.epam.healenium.Application     : Started Application in 13.729 seconds (process running for 15.217) 
2024-11-14 23:03:27.481  INFO 1 - [7878-exec-1] o.a.c.c.C.[.[localhost].[/]      : Initializing Spring DispatcherServlet 'dispatcherServlet' 
2024-11-14 23:03:27.482  INFO 1 - [7878-exec-1] o.s.w.s.DispatcherServlet        : Initializing Servlet 'dispatcherServlet' 
2024-11-14 23:03:27.483  INFO 1 - [7878-exec-1] o.s.w.s.DispatcherServlet        : Completed initialization in 1 ms 
2024-11-14 23:03:27.545 ERROR 1 - [7878-exec-1] .c.c.C.[.[.[.[dispatcherServlet] : Servlet.service() for servlet [dispatcherServlet] in context with path [] threw exception [Request processing failed: java.lang.NullPointerException: Cannot invoke "String.hashCode()" because "locator" is null] with root cause java.lang.NullPointerException: Cannot invoke "String.hashCode()" because "locator" is null\n 	at com.epam.healenium.util.Utils.buildKey(Utils.java:27)\n 	at com.epam.healenium.service.impl.SelectorServiceImpl.getSelectorId(SelectorServiceImpl.java:95)\n 	at com.epam.healenium.service.impl.SelectorServiceImpl.getReferenceElements(SelectorServiceImpl.java:56)\n 	at java.base/jdk.internal.reflect.DirectMethodHandleAccessor.invoke(DirectMethodHandleAccessor.java:103)\n 	at java.base/java.lang.reflect.Method.invoke(Method.java:580)\n 	at org.springframework.aop.support.AopUtils.invokeJoinpointUsingReflection(AopUtils.java:355)\n 	at org.springframework.aop.framework.ReflectiveMethodInvocation.invokeJoinpoint(ReflectiveMethodInvocation.java:196)\n 	at org.springframework.aop.framework.ReflectiveMethodInvocation.proceed(ReflectiveMethodInvocation.java:163)\n 	at org.springframework.aop.framework.CglibAopProxy$CglibMethodInvocation.proceed(CglibAopProxy.java:768)\n 	at org.springframework.transaction.interceptor.TransactionAspectSupport.invokeWithinTransaction(TransactionAspectSupport.java:379)\n 	at org.springframework.transaction.interceptor.TransactionInterceptor.invoke(TransactionInterceptor.java:119)\n 	at org.springframework.aop.framework.ReflectiveMethodInvocation.proceed(ReflectiveMethodInvocation.java:184)\n 	at org.springframework.aop.framework.CglibAopProxy$CglibMethodInvocation.proceed(CglibAopProxy.java:768)\n 	at org.springframework.aop.framework.CglibAopProxy$DynamicAdvisedInterceptor.intercept(CglibAopProxy.java:720)\n 	at com.epam.healenium.service.impl.SelectorServiceImpl$$SpringCGLIB$$0.getReferenceElements(<generated>)\n 	at com.epam.healenium.controller.HealingController.getReferenceElements(HealingController.java:68)\n 	at java.base/jdk.internal.reflect.DirectMethodHandleAccessor.invoke(DirectMethodHandleAccessor.java:103)\n 	at java.base/java.lang.reflect.Method.invoke(Method.java:580)\n 	at org.springframework.web.method.support.InvocableHandlerMethod.doInvoke(InvocableHandlerMethod.java:255)\n 	at org.springframework.web.method.support.InvocableHandlerMethod.invokeForRequest(InvocableHandlerMethod.java:188)\n 	at org.springframework.web.servlet.mvc.method.annotation.ServletInvocableHandlerMethod.invokeAndHandle(ServletInvocableHandlerMethod.java:118)\n 	at org.springframework.web.servlet.mvc.method.annotation.RequestMappingHandlerAdapter.invokeHandlerMethod(RequestMappingHandlerAdapter.java:926)\n 	at org.springframework.web.servlet.mvc.method.annotation.RequestMappingHandlerAdapter.handleInternal(RequestMappingHandlerAdapter.java:831)\n 	at org.springframework.web.servlet.mvc.method.AbstractHandlerMethodAdapter.handle(AbstractHandlerMethodAdapter.java:87)\n 	at org.springframework.web.servlet.DispatcherServlet.doDispatch(DispatcherServlet.java:1089)\n 	at org.springframework.web.servlet.DispatcherServlet.doService(DispatcherServlet.java:979)\n 	at org.springframework.web.servlet.FrameworkServlet.processRequest(FrameworkServlet.java:1014)\n 	at org.springframework.web.servlet.FrameworkServlet.doGet(FrameworkServlet.java:903)\n 	at jakarta.servlet.http.HttpServlet.service(HttpServlet.java:564)\n 	at org.springframework.web.servlet.FrameworkServlet.service(FrameworkServlet.java:885)\n 	at jakarta.servlet.http.HttpServlet.service(HttpServlet.java:658)\n 	at org.apache.catalina.core.ApplicationFilterChain.internalDoFilter(ApplicationFilterChain.java:195)\n 	at org.apache.catalina.core.ApplicationFilterChain.doFilter(ApplicationFilterChain.java:140)\n 	at org.apache.tomcat.websocket.server.WsFilter.doFilter(WsFilter.java:51)\n 	at org.apache.catalina.core.ApplicationFilterChain.internalDoFilter(ApplicationFilterChain.java:164)\n 	at org.apache.catalina.core.ApplicationFilterChain.doFilter(ApplicationFilterChain.java:140)\n 	at org.springframework.web.filter.RequestContextFilter.doFilterInternal(RequestContextFilter.java:100)\n 	at org.springframework.web.filter.OncePerRequestFilter.doFilter(OncePerRequestFilter.java:116)\n 	at org.apache.catalina.core.ApplicationFilterChain.internalDoFilter(ApplicationFilterChain.java:164)\n 	at org.apache.catalina.core.ApplicationFilterChain.doFilter(ApplicationFilterChain.java:140)\n 	at org.springframework.web.filter.FormContentFilter.doFilterInternal(FormContentFilter.java:93)\n 	at org.springframework.web.filter.OncePerRequestFilter.doFilter(OncePerRequestFilter.java:116)\n 	at org.apache.catalina.core.ApplicationFilterChain.internalDoFilter(ApplicationFilterChain.java:164)\n 	at org.apache.catalina.core.ApplicationFilterChain.doFilter(ApplicationFilterChain.java:140)\n 	at org.springframework.web.filter.ServerHttpObservationFilter.doFilterInternal(ServerHttpObservationFilter.java:113)\n 	at org.springframework.web.filter.OncePerRequestFilter.doFilter(OncePerRequestFilter.java:116)\n 	at org.apache.catalina.core.ApplicationFilterChain.internalDoFilter(ApplicationFilterChain.java:164)\n 	at org.apache.catalina.core.ApplicationFilterChain.doFilter(ApplicationFilterChain.java:140)\n 	at org.springframework.web.filter.CharacterEncodingFilter.doFilterInternal(CharacterEncodingFilter.java:201)\n 	at org.springframework.web.filter.OncePerRequestFilter.doFilter(OncePerRequestFilter.java:116)\n 	at org.apache.catalina.core.ApplicationFilterChain.internalDoFilter(ApplicationFilterChain.java:164)\n 	at org.apache.catalina.core.ApplicationFilterChain.doFilter(ApplicationFilterChain.java:140)\n 	at org.apache.catalina.core.StandardWrapperValve.invoke(StandardWrapperValve.java:167)\n 	at org.apache.catalina.core.StandardContextValve.invoke(StandardContextValve.java:90)\n 	at org.apache.catalina.authenticator.AuthenticatorBase.invoke(AuthenticatorBase.java:483)\n 	at org.apache.catalina.core.StandardHostValve.invoke(StandardHostValve.java:115)\n 	at org.apache.catalina.valves.ErrorReportValve.invoke(ErrorReportValve.java:93)\n 	at org.apache.catalina.core.StandardEngineValve.invoke(StandardEngineValve.java:74)\n 	at org.apache.catalina.connector.CoyoteAdapter.service(CoyoteAdapter.java:344)\n 	at org.apache.coyote.http11.Http11Processor.service(Http11Processor.java:384)\n 	at org.apache.coyote.AbstractProcessorLight.process(AbstractProcessorLight.java:63)\n 	at org.apache.coyote.AbstractProtocol$ConnectionHandler.process(AbstractProtocol.java:905)\n 	at org.apache.tomcat.util.net.NioEndpoint$SocketProcessor.doRun(NioEndpoint.java:1741)\n 	at org.apache.tomcat.util.net.SocketProcessorBase.run(SocketProcessorBase.java:52)\n 	at org.apache.tomcat.util.threads.ThreadPoolExecutor.runWorker(ThreadPoolExecutor.java:1190)\n 	at org.apache.tomcat.util.threads.ThreadPoolExecutor$Worker.run(ThreadPoolExecutor.java:659)\n 	at org.apache.tomcat.util.threads.TaskThread$WrappingRunnable.run(TaskThread.java:63)\n 	at java.base/java.lang.Thread.run(Thread.java:1570)\n 
2024-11-14 23:03:28.580 ERROR 1 - [7878-exec-2] .c.c.C.[.[.[.[dispatcherServlet] : Servlet.service() for servlet [dispatcherServlet] in context with path [] threw exception [Request processing failed: java.lang.NullPointerException: Cannot invoke "String.hashCode()" because "locator" is null] with root cause java.lang.NullPointerException: Cannot invoke "String.hashCode()" because "locator" is null\n 	at com.epam.healenium.util.Utils.buildKey(Utils.java:27)\n 	at com.epam.healenium.service.impl.SelectorServiceImpl.getSelectorId(SelectorServiceImpl.java:95)\n 	at com.epam.healenium.service.impl.SelectorServiceImpl.getReferenceElements(SelectorServiceImpl.java:56)\n 	at java.base/jdk.internal.reflect.DirectMethodHandleAccessor.invoke(DirectMethodHandleAccessor.java:103)\n 	at java.base/java.lang.reflect.Method.invoke(Method.java:580)\n 	at org.springframework.aop.support.AopUtils.invokeJoinpointUsingReflection(AopUtils.java:355)\n 	at org.springframework.aop.framework.ReflectiveMethodInvocation.invokeJoinpoint(ReflectiveMethodInvocation.java:196)\n 	at org.springframework.aop.framework.ReflectiveMethodInvocation.proceed(ReflectiveMethodInvocation.java:163)\n 	at org.springframework.aop.framework.CglibAopProxy$CglibMethodInvocation.proceed(CglibAopProxy.java:768)\n 	at org.springframework.transaction.interceptor.TransactionAspectSupport.invokeWithinTransaction(TransactionAspectSupport.java:379)\n 	at org.springframework.transaction.interceptor.TransactionInterceptor.invoke(TransactionInterceptor.java:119)\n 	at org.springframework.aop.framework.ReflectiveMethodInvocation.proceed(ReflectiveMethodInvocation.java:184)\n 	at org.springframework.aop.framework.CglibAopProxy$CglibMethodInvocation.proceed(CglibAopProxy.java:768)\n 	at org.springframework.aop.framework.CglibAopProxy$DynamicAdvisedInterceptor.intercept(CglibAopProxy.java:720)\n 	at com.epam.healenium.service.impl.SelectorServiceImpl$$SpringCGLIB$$0.getReferenceElements(<generated>)\n 	at com.epam.healenium.controller.HealingController.getReferenceElements(HealingController.java:68)\n 	at java.base/jdk.internal.reflect.DirectMethodHandleAccessor.invoke(DirectMethodHandleAccessor.java:103)\n 	at java.base/java.lang.reflect.Method.invoke(Method.java:580)\n 	at org.springframework.web.method.support.InvocableHandlerMethod.doInvoke(InvocableHandlerMethod.java:255)\n 	at org.springframework.web.method.support.InvocableHandlerMethod.invokeForRequest(InvocableHandlerMethod.java:188)\n 	at org.springframework.web.servlet.mvc.method.annotation.ServletInvocableHandlerMethod.invokeAndHandle(ServletInvocableHandlerMethod.java:118)\n 	at org.springframework.web.servlet.mvc.method.annotation.RequestMappingHandlerAdapter.invokeHandlerMethod(RequestMappingHandlerAdapter.java:926)\n 	at org.springframework.web.servlet.mvc.method.annotation.RequestMappingHandlerAdapter.handleInternal(RequestMappingHandlerAdapter.java:831)\n 	at org.springframework.web.servlet.mvc.method.AbstractHandlerMethodAdapter.handle(AbstractHandlerMethodAdapter.java:87)\n 	at org.springframework.web.servlet.DispatcherServlet.doDispatch(DispatcherServlet.java:1089)\n 	at org.springframework.web.servlet.DispatcherServlet.doService(DispatcherServlet.java:979)\n 	at org.springframework.web.servlet.FrameworkServlet.processRequest(FrameworkServlet.java:1014)\n 	at org.springframework.web.servlet.FrameworkServlet.doGet(FrameworkServlet.java:903)\n 	at jakarta.servlet.http.HttpServlet.service(HttpServlet.java:564)\n 	at org.springframework.web.servlet.FrameworkServlet.service(FrameworkServlet.java:885)\n 	at jakarta.servlet.http.HttpServlet.service(HttpServlet.java:658)\n 	at org.apache.catalina.core.ApplicationFilterChain.internalDoFilter(ApplicationFilterChain.java:195)\n 	at org.apache.catalina.core.ApplicationFilterChain.doFilter(ApplicationFilterChain.java:140)\n 	at org.apache.tomcat.websocket.server.WsFilter.doFilter(WsFilter.java:51)\n 	at org.apache.catalina.core.ApplicationFilterChain.internalDoFilter(ApplicationFilterChain.java:164)\n 	at org.apache.catalina.core.ApplicationFilterChain.doFilter(ApplicationFilterChain.java:140)\n 	at org.springframework.web.filter.RequestContextFilter.doFilterInternal(RequestContextFilter.java:100)\n 	at org.springframework.web.filter.OncePerRequestFilter.doFilter(OncePerRequestFilter.java:116)\n 	at org.apache.catalina.core.ApplicationFilterChain.internalDoFilter(ApplicationFilterChain.java:164)\n 	at org.apache.catalina.core.ApplicationFilterChain.doFilter(ApplicationFilterChain.java:140)\n 	at org.springframework.web.filter.FormContentFilter.doFilterInternal(FormContentFilter.java:93)\n 	at org.springframework.web.filter.OncePerRequestFilter.doFilter(OncePerRequestFilter.java:116)\n 	at org.apache.catalina.core.ApplicationFilterChain.internalDoFilter(ApplicationFilterChain.java:164)\n 	at org.apache.catalina.core.ApplicationFilterChain.doFilter(ApplicationFilterChain.java:140)\n 	at org.springframework.web.filter.ServerHttpObservationFilter.doFilterInternal(ServerHttpObservationFilter.java:113)\n 	at org.springframework.web.filter.OncePerRequestFilter.doFilter(OncePerRequestFilter.java:116)\n 	at org.apache.catalina.core.ApplicationFilterChain.internalDoFilter(ApplicationFilterChain.java:164)\n 	at org.apache.catalina.core.ApplicationFilterChain.doFilter(ApplicationFilterChain.java:140)\n 	at org.springframework.web.filter.CharacterEncodingFilter.doFilterInternal(CharacterEncodingFilter.java:201)\n 	at org.springframework.web.filter.OncePerRequestFilter.doFilter(OncePerRequestFilter.java:116)\n 	at org.apache.catalina.core.ApplicationFilterChain.internalDoFilter(ApplicationFilterChain.java:164)\n 	at org.apache.catalina.core.ApplicationFilterChain.doFilter(ApplicationFilterChain.java:140)\n 	at org.apache.catalina.core.StandardWrapperValve.invoke(StandardWrapperValve.java:167)\n 	at org.apache.catalina.core.StandardContextValve.invoke(StandardContextValve.java:90)\n 	at org.apache.catalina.authenticator.AuthenticatorBase.invoke(AuthenticatorBase.java:483)\n 	at org.apache.catalina.core.StandardHostValve.invoke(StandardHostValve.java:115)\n 	at org.apache.catalina.valves.ErrorReportValve.invoke(ErrorReportValve.java:93)\n 	at org.apache.catalina.core.StandardEngineValve.invoke(StandardEngineValve.java:74)\n 	at org.apache.catalina.connector.CoyoteAdapter.service(CoyoteAdapter.java:344)\n 	at org.apache.coyote.http11.Http11Processor.service(Http11Processor.java:384)\n 	at org.apache.coyote.AbstractProcessorLight.process(AbstractProcessorLight.java:63)\n 	at org.apache.coyote.AbstractProtocol$ConnectionHandler.process(AbstractProtocol.java:905)\n 	at org.apache.tomcat.util.net.NioEndpoint$SocketProcessor.doRun(NioEndpoint.java:1741)\n 	at org.apache.tomcat.util.net.SocketProcessorBase.run(SocketProcessorBase.java:52)\n 	at org.apache.tomcat.util.threads.ThreadPoolExecutor.runWorker(ThreadPoolExecutor.java:1190)\n 	at org.apache.tomcat.util.threads.ThreadPoolExecutor$Worker.run(ThreadPoolExecutor.java:659)\n 	at org.apache.tomcat.util.threads.TaskThread$WrappingRunnable.run(TaskThread.java:63)\n 	at java.base/java.lang.Thread.run(Thread.java:1570)\n 
2024-11-14 23:03:29.482 ERROR 1 - [7878-exec-3] .c.c.C.[.[.[.[dispatcherServlet] : Servlet.service() for servlet [dispatcherServlet] in context with path [] threw exception [Request processing failed: java.lang.NullPointerException: Cannot invoke "String.hashCode()" because "locator" is null] with root cause java.lang.NullPointerException: Cannot invoke "String.hashCode()" because "locator" is null\n 	at com.epam.healenium.util.Utils.buildKey(Utils.java:27)\n 	at com.epam.healenium.service.impl.SelectorServiceImpl.getSelectorId(SelectorServiceImpl.java:95)\n 	at com.epam.healenium.service.impl.SelectorServiceImpl.getReferenceElements(SelectorServiceImpl.java:56)\n 	at java.base/jdk.internal.reflect.DirectMethodHandleAccessor.invoke(DirectMethodHandleAccessor.java:103)\n 	at java.base/java.lang.reflect.Method.invoke(Method.java:580)\n 	at org.springframework.aop.support.AopUtils.invokeJoinpointUsingReflection(AopUtils.java:355)\n 	at org.springframework.aop.framework.ReflectiveMethodInvocation.invokeJoinpoint(ReflectiveMethodInvocation.java:196)\n 	at org.springframework.aop.framework.ReflectiveMethodInvocation.proceed(ReflectiveMethodInvocation.java:163)\n 	at org.springframework.aop.framework.CglibAopProxy$CglibMethodInvocation.proceed(CglibAopProxy.java:768)\n 	at org.springframework.transaction.interceptor.TransactionAspectSupport.invokeWithinTransaction(TransactionAspectSupport.java:379)\n 	at org.springframework.transaction.interceptor.TransactionInterceptor.invoke(TransactionInterceptor.java:119)\n 	at org.springframework.aop.framework.ReflectiveMethodInvocation.proceed(ReflectiveMethodInvocation.java:184)\n 	at org.springframework.aop.framework.CglibAopProxy$CglibMethodInvocation.proceed(CglibAopProxy.java:768)\n 	at org.springframework.aop.framework.CglibAopProxy$DynamicAdvisedInterceptor.intercept(CglibAopProxy.java:720)\n 	at com.epam.healenium.service.impl.SelectorServiceImpl$$SpringCGLIB$$0.getReferenceElements(<generated>)\n 	at com.epam.healenium.controller.HealingController.getReferenceElements(HealingController.java:68)\n 	at java.base/jdk.internal.reflect.DirectMethodHandleAccessor.invoke(DirectMethodHandleAccessor.java:103)\n 	at java.base/java.lang.reflect.Method.invoke(Method.java:580)\n 	at org.springframework.web.method.support.InvocableHandlerMethod.doInvoke(InvocableHandlerMethod.java:255)\n 	at org.springframework.web.method.support.InvocableHandlerMethod.invokeForRequest(InvocableHandlerMethod.java:188)\n 	at org.springframework.web.servlet.mvc.method.annotation.ServletInvocableHandlerMethod.invokeAndHandle(ServletInvocableHandlerMethod.java:118)\n 	at org.springframework.web.servlet.mvc.method.annotation.RequestMappingHandlerAdapter.invokeHandlerMethod(RequestMappingHandlerAdapter.java:926)\n 	at org.springframework.web.servlet.mvc.method.annotation.RequestMappingHandlerAdapter.handleInternal(RequestMappingHandlerAdapter.java:831)\n 	at org.springframework.web.servlet.mvc.method.AbstractHandlerMethodAdapter.handle(AbstractHandlerMethodAdapter.java:87)\n 	at org.springframework.web.servlet.DispatcherServlet.doDispatch(DispatcherServlet.java:1089)\n 	at org.springframework.web.servlet.DispatcherServlet.doService(DispatcherServlet.java:979)\n 	at org.springframework.web.servlet.FrameworkServlet.processRequest(FrameworkServlet.java:1014)\n 	at org.springframework.web.servlet.FrameworkServlet.doGet(FrameworkServlet.java:903)\n 	at jakarta.servlet.http.HttpServlet.service(HttpServlet.java:564)\n 	at org.springframework.web.servlet.FrameworkServlet.service(FrameworkServlet.java:885)\n 	at jakarta.servlet.http.HttpServlet.service(HttpServlet.java:658)\n 	at org.apache.catalina.core.ApplicationFilterChain.internalDoFilter(ApplicationFilterChain.java:195)\n 	at org.apache.catalina.core.ApplicationFilterChain.doFilter(ApplicationFilterChain.java:140)\n 	at org.apache.tomcat.websocket.server.WsFilter.doFilter(WsFilter.java:51)\n 	at org.apache.catalina.core.ApplicationFilterChain.internalDoFilter(ApplicationFilterChain.java:164)\n 	at org.apache.catalina.core.ApplicationFilterChain.doFilter(ApplicationFilterChain.java:140)\n 	at org.springframework.web.filter.RequestContextFilter.doFilterInternal(RequestContextFilter.java:100)\n 	at org.springframework.web.filter.OncePerRequestFilter.doFilter(OncePerRequestFilter.java:116)\n 	at org.apache.catalina.core.ApplicationFilterChain.internalDoFilter(ApplicationFilterChain.java:164)\n 	at org.apache.catalina.core.ApplicationFilterChain.doFilter(ApplicationFilterChain.java:140)\n 	at org.springframework.web.filter.FormContentFilter.doFilterInternal(FormContentFilter.java:93)\n 	at org.springframework.web.filter.OncePerRequestFilter.doFilter(OncePerRequestFilter.java:116)\n 	at org.apache.catalina.core.ApplicationFilterChain.internalDoFilter(ApplicationFilterChain.java:164)\n 	at org.apache.catalina.core.ApplicationFilterChain.doFilter(ApplicationFilterChain.java:140)\n 	at org.springframework.web.filter.ServerHttpObservationFilter.doFilterInternal(ServerHttpObservationFilter.java:113)\n 	at org.springframework.web.filter.OncePerRequestFilter.doFilter(OncePerRequestFilter.java:116)\n 	at org.apache.catalina.core.ApplicationFilterChain.internalDoFilter(ApplicationFilterChain.java:164)\n 	at org.apache.catalina.core.ApplicationFilterChain.doFilter(ApplicationFilterChain.java:140)\n 	at org.springframework.web.filter.CharacterEncodingFilter.doFilterInternal(CharacterEncodingFilter.java:201)\n 	at org.springframework.web.filter.OncePerRequestFilter.doFilter(OncePerRequestFilter.java:116)\n 	at org.apache.catalina.core.ApplicationFilterChain.internalDoFilter(ApplicationFilterChain.java:164)\n 	at org.apache.catalina.core.ApplicationFilterChain.doFilter(ApplicationFilterChain.java:140)\n 	at org.apache.catalina.core.StandardWrapperValve.invoke(StandardWrapperValve.java:167)\n 	at org.apache.catalina.core.StandardContextValve.invoke(StandardContextValve.java:90)\n 	at org.apache.catalina.authenticator.AuthenticatorBase.invoke(AuthenticatorBase.java:483)\n 	at org.apache.catalina.core.StandardHostValve.invoke(StandardHostValve.java:115)\n 	at org.apache.catalina.valves.ErrorReportValve.invoke(ErrorReportValve.java:93)\n 	at org.apache.catalina.core.StandardEngineValve.invoke(StandardEngineValve.java:74)\n 	at org.apache.catalina.connector.CoyoteAdapter.service(CoyoteAdapter.java:344)\n 	at org.apache.coyote.http11.Http11Processor.service(Http11Processor.java:384)\n 	at org.apache.coyote.AbstractProcessorLight.process(AbstractProcessorLight.java:63)\n 	at org.apache.coyote.AbstractProtocol$ConnectionHandler.process(AbstractProtocol.java:905)\n 	at org.apache.tomcat.util.net.NioEndpoint$SocketProcessor.doRun(NioEndpoint.java:1741)\n 	at org.apache.tomcat.util.net.SocketProcessorBase.run(SocketProcessorBase.java:52)\n 	at org.apache.tomcat.util.threads.ThreadPoolExecutor.runWorker(ThreadPoolExecutor.java:1190)\n 	at org.apache.tomcat.util.threads.ThreadPoolExecutor$Worker.run(ThreadPoolExecutor.java:659)\n 	at org.apache.tomcat.util.threads.TaskThread$WrappingRunnable.run(TaskThread.java:63)\n 	at java.base/java.lang.Thread.run(Thread.java:1570)\n 
2024-11-14 23:03:51.165  INFO 1 - [878-exec-10] healenium                        : [Save Elements] Request: By.xpath(//span[@class='label'][contains(.,'Account')]) 
2024-11-14 23:03:51.811  INFO 1 - [7878-exec-1] healenium                        : [Save Elements] Request: By.xpath(//span[@class='label'][contains(.,'Account')]) 
2024-11-14 23:03:52.469  INFO 1 - [7878-exec-2] healenium                        : [Save Elements] Request: By.xpath(//span[@class='label'][contains(.,'Account')]) 
2024-11-14 23:03:53.114  INFO 1 - [7878-exec-3] healenium                        : [Save Elements] Request: By.xpath(//span[@class='label'][contains(.,'Account')]) 
2024-11-14 23:03:53.770  INFO 1 - [7878-exec-4] healenium                        : [Save Elements] Request: By.xpath(//span[@class='label'][contains(.,'Account')]) 
2024-11-14 23:03:54.412  INFO 1 - [7878-exec-5] healenium                        : [Save Elements] Request: By.xpath(//span[@class='label'][contains(.,'Account')]) 
2024-11-14 23:03:55.055  INFO 1 - [7878-exec-6] healenium                        : [Save Elements] Request: By.xpath(//span[@class='label'][contains(.,'Account')]) 
2024-11-14 23:03:55.695  INFO 1 - [7878-exec-7] healenium                        : [Save Elements] Request: By.xpath(//span[@class='label'][contains(.,'Account')]) 
2024-11-14 23:03:56.330  INFO 1 - [7878-exec-8] healenium                        : [Save Elements] Request: By.xpath(//span[@class='label'][contains(.,'Account')]) 
2024-11-14 23:03:56.960  INFO 1 - [7878-exec-9] healenium                        : [Save Elements] Request: By.xpath(//span[@class='label'][contains(.,'Account')]) 
2024-11-14 23:03:57.596  INFO 1 - [878-exec-10] healenium                        : [Save Elements] Request: By.xpath(//span[@class='label'][contains(.,'Account')]) 
2024-11-14 23:03:58.228  INFO 1 - [7878-exec-1] healenium                        : [Save Elements] Request: By.xpath(//span[@class='label'][contains(.,'Account')]) 
2024-11-14 23:03:58.858  INFO 1 - [7878-exec-2] healenium                        : [Save Elements] Request: By.xpath(//span[@class='label'][contains(.,'Account')]) 
2024-11-14 23:03:59.486  INFO 1 - [7878-exec-3] healenium                        : [Save Elements] Request: By.xpath(//span[@class='label'][contains(.,'Account')]) 
2024-11-14 23:04:00.114  INFO 1 - [7878-exec-4] healenium                        : [Save Elements] Request: By.xpath(//span[@class='label'][contains(.,'Account')]) 
2024-11-14 23:04:00.747  INFO 1 - [7878-exec-5] healenium                        : [Save Elements] Request: By.xpath(//span[@class='label'][contains(.,'Account')]) 
2024-11-14 23:04:01.391  INFO 1 - [7878-exec-6] healenium                        : [Save Elements] Request: By.xpath(//span[@class='label'][contains(.,'Account')]) 
2024-11-14 23:04:02.037  INFO 1 - [7878-exec-7] healenium                        : [Save Elements] Request: By.xpath(//span[@class='label'][contains(.,'Account')]) 
2024-11-14 23:04:02.666  INFO 1 - [7878-exec-8] healenium                        : [Save Elements] Request: By.xpath(//span[@class='label'][contains(.,'Account')]) 
2024-11-14 23:04:03.302  INFO 1 - [7878-exec-9] healenium                        : [Save Elements] Request: By.xpath(//span[@class='label'][contains(.,'Account')]) 
2024-11-14 23:04:03.925  INFO 1 - [878-exec-10] healenium                        : [Save Elements] Request: By.xpath(//span[@class='label'][contains(.,'Account')]) 
2024-11-14 23:04:04.544  INFO 1 - [7878-exec-1] healenium                        : [Save Elements] Request: By.xpath(//span[@class='label'][contains(.,'Account')]) 
2024-11-14 23:04:05.164  INFO 1 - [7878-exec-2] healenium                        : [Save Elements] Request: By.xpath(//span[@class='label'][contains(.,'Account')]) 
2024-11-14 23:04:05.784  INFO 1 - [7878-exec-3] healenium                        : [Save Elements] Request: By.xpath(//span[@class='label'][contains(.,'Account')]) 
2024-11-14 23:04:06.404  INFO 1 - [7878-exec-4] healenium                        : [Save Elements] Request: By.xpath(//span[@class='label'][contains(.,'Account')]) 
2024-11-14 23:04:07.026  INFO 1 - [7878-exec-5] healenium                        : [Save Elements] Request: By.xpath(//span[@class='label'][contains(.,'Account')]) 
2024-11-14 23:04:07.643  INFO 1 - [7878-exec-6] healenium                        : [Save Elements] Request: By.xpath(//span[@class='label'][contains(.,'Account')]) 
2024-11-14 23:04:08.276  INFO 1 - [7878-exec-7] healenium                        : [Save Elements] Request: By.xpath(//span[@class='label'][contains(.,'Account')]) 
2024-11-14 23:04:08.903  INFO 1 - [7878-exec-8] healenium                        : [Save Elements] Request: By.xpath(//span[@class='label'][contains(.,'Account')]) 
2024-11-14 23:04:09.531  INFO 1 - [7878-exec-9] healenium                        : [Save Elements] Request: By.xpath(//span[@class='label'][contains(.,'Account')]) 
2024-11-14 23:04:10.151  INFO 1 - [878-exec-10] healenium                        : [Save Elements] Request: By.xpath(//span[@class='label'][contains(.,'Account')]) 
2024-11-14 23:04:10.772  INFO 1 - [7878-exec-1] healenium                        : [Save Elements] Request: By.xpath(//span[@class='label'][contains(.,'Account')]) 
2024-11-14 23:04:11.391  INFO 1 - [7878-exec-2] healenium                        : [Save Elements] Request: By.xpath(//span[@class='label'][contains(.,'Account')]) 
2024-11-14 23:04:12.013  INFO 1 - [7878-exec-3] healenium                        : [Save Elements] Request: By.xpath(//span[@class='label'][contains(.,'Account')]) 
2024-11-14 23:04:12.631  INFO 1 - [7878-exec-4] healenium                        : [Save Elements] Request: By.xpath(//span[@class='label'][contains(.,'Account')]) 
2024-11-14 23:04:13.262  INFO 1 - [7878-exec-5] healenium                        : [Save Elements] Request: By.xpath(//span[@class='label'][contains(.,'Account')]) 
2024-11-14 23:04:13.881  INFO 1 - [7878-exec-6] healenium                        : [Save Elements] Request: By.xpath(//span[@class='label'][contains(.,'Account')]) 
2024-11-14 23:04:14.499  INFO 1 - [7878-exec-7] healenium                        : [Save Elements] Request: By.xpath(//span[@class='label'][contains(.,'Account')]) 
2024-11-14 23:04:15.110  INFO 1 - [7878-exec-8] healenium                        : [Save Elements] Request: By.xpath(//span[@class='label'][contains(.,'Account')]) 
2024-11-14 23:04:15.734  INFO 1 - [7878-exec-9] healenium                        : [Save Elements] Request: By.xpath(//span[@class='label'][contains(.,'Account')]) 
2024-11-14 23:04:16.355  INFO 1 - [878-exec-10] healenium                        : [Save Elements] Request: By.xpath(//span[@class='label'][contains(.,'Account')]) 
2024-11-14 23:04:16.981  INFO 1 - [7878-exec-1] healenium                        : [Save Elements] Request: By.xpath(//span[@class='label'][contains(.,'Account')]) 
2024-11-14 23:04:17.612  INFO 1 - [7878-exec-2] healenium                        : [Save Elements] Request: By.xpath(//span[@class='label'][contains(.,'Account')]) 
2024-11-14 23:04:18.229  INFO 1 - [7878-exec-3] healenium                        : [Save Elements] Request: By.xpath(//span[@class='label'][contains(.,'Account')]) 
2024-11-14 23:04:18.838  INFO 1 - [7878-exec-4] healenium                        : [Save Elements] Request: By.xpath(//span[@class='label'][contains(.,'Account')]) 
2024-11-14 23:04:19.451  INFO 1 - [7878-exec-5] healenium                        : [Save Elements] Request: By.xpath(//span[@class='label'][contains(.,'Account')]) 
2024-11-14 23:04:20.072  INFO 1 - [7878-exec-6] healenium                        : [Save Elements] Request: By.xpath(//span[@class='label'][contains(.,'Account')]) 
2024-11-14 23:04:20.690  INFO 1 - [7878-exec-7] healenium                        : [Save Elements] Request: By.xpath(//span[@class='label'][contains(.,'Account')]) 
2024-11-14 23:04:21.310  INFO 1 - [7878-exec-8] healenium                        : [Save Elements] Request: By.xpath(//span[@class='label'][contains(.,'Account')]) 
2024-11-14 23:06:56.167  INFO 1 - [7878-exec-4] healenium                        : [Save Elements] Request: By.xpath(//span[@class='label'][contains(.,'Account')]) 
2024-11-14 23:07:00.445  INFO 1 - [7878-exec-5] healenium                        : [Save Elements] Request: By.xpath(//a[text()='Log In']) 
2024-11-14 23:07:04.699  INFO 1 - [7878-exec-6] healenium                        : [Save Elements] Request: By.xpath(//input[@id='email']) 
2024-11-14 23:07:06.061  INFO 1 - [7878-exec-7] healenium                        : [Save Elements] Request: By.xpath(//input[@id='pass']) 
2024-11-14 23:07:07.408  INFO 1 - [7878-exec-8] healenium                        : [Save Elements] Request: By.xpath(//button[@title='Login']) 
2024-11-14 23:07:11.665  INFO 1 - [7878-exec-9] healenium                        : [Save Elements] Request: By.xpath((//img[@alt='TealiumEcommerce Demo'])[1]) 
2024-11-14 23:15:01.706  INFO 1 - [hutdownHook] ontainerEntityManagerFactoryBean : Closing JPA EntityManagerFactory for persistence unit 'default' 
2024-11-14 23:15:01.711  INFO 1 - [hutdownHook] c.z.hikari.HikariDataSource      : HikariPool-1 - Shutdown initiated... 
2024-11-14 23:15:01.715  INFO 1 - [hutdownHook] c.z.hikari.HikariDataSource      : HikariPool-1 - Shutdown completed. 
2024-11-14 23:18:28.696  INFO 1 - [       main] c.epam.healenium.Application     : Starting Application v3.4.6 using Java 22.0.2 with PID 1 (/healenium-backend.jar started by root in /) 
2024-11-14 23:18:28.854  INFO 1 - [       main] c.epam.healenium.Application     : No active profile set, falling back to 1 default profile: "default" 
2024-11-14 23:18:32.390  INFO 1 - [       main] .RepositoryConfigurationDelegate : Bootstrapping Spring Data JPA repositories in DEFAULT mode. 
2024-11-14 23:18:32.777  INFO 1 - [       main] .RepositoryConfigurationDelegate : Finished Spring Data repository scanning in 366 ms. Found 4 JPA repository interfaces. 
2024-11-14 23:18:34.476  INFO 1 - [       main] o.s.b.w.e.t.TomcatWebServer      : Tomcat initialized with port 7878 (http) 
2024-11-14 23:18:34.500  INFO 1 - [       main] o.a.c.core.StandardService       : Starting service [Tomcat] 
2024-11-14 23:18:34.501  INFO 1 - [       main] o.a.c.core.StandardEngine        : Starting Servlet engine: [Apache Tomcat/10.1.30] 
2024-11-14 23:18:34.549  INFO 1 - [       main] o.a.c.c.C.[.[localhost].[/]      : Initializing Spring embedded WebApplicationContext 
2024-11-14 23:18:34.550  INFO 1 - [       main] rvletWebServerApplicationContext : Root WebApplicationContext: initialization completed in 5462 ms 
2024-11-14 23:18:34.922  INFO 1 - [       main] c.z.hikari.HikariDataSource      : HikariPool-1 - Starting... 
2024-11-14 23:18:35.166  INFO 1 - [       main] c.z.hikari.HikariDataSource      : HikariPool-1 - Start completed. 
2024-11-14 23:18:35.333  INFO 1 - [       main] liquibase.database               : Set default schema name to healenium 
2024-11-14 23:18:36.000  INFO 1 - [       main] liquibase.changelog              : Creating database history table with name: healenium.databasechangelog 
2024-11-14 23:18:36.035  INFO 1 - [       main] liquibase.changelog              : Reading from healenium.databasechangelog 
2024-11-14 23:18:36.174  INFO 1 - [       main] liquibase.lockservice            : Successfully acquired change log lock 
2024-11-14 23:18:36.177  INFO 1 - [       main] liquibase.command                : Using deploymentId: 1615516176 
2024-11-14 23:18:36.180  INFO 1 - [       main] liquibase.changelog              : Reading from healenium.databasechangelog 
2024-11-14 23:18:36.219  INFO 1 - [       main] liquibase.ui                     : Running Changeset: changelog/001_createSequence.xml::3::nkobzev 
2024-11-14 23:18:36.226  INFO 1 - [       main] liquibase.changelog              : Sequence healing_result_seq created 
2024-11-14 23:18:36.228  INFO 1 - [       main] liquibase.changelog              : ChangeSet changelog/001_createSequence.xml::3::nkobzev ran successfully in 7ms 
2024-11-14 23:18:36.238  INFO 1 - [       main] liquibase.ui                     : Running Changeset: changelog/002_selector.xml::5::nkobzev 
2024-11-14 23:18:36.247  INFO 1 - [       main] liquibase.changelog              : Table SELECTOR created 
2024-11-14 23:18:36.250  INFO 1 - [       main] liquibase.changelog              : ChangeSet changelog/002_selector.xml::5::nkobzev ran successfully in 11ms 
2024-11-14 23:18:36.255  INFO 1 - [       main] liquibase.ui                     : Running Changeset: changelog/002_selector.xml::6::nkobzev 
2024-11-14 23:18:36.302  INFO 1 - [       main] liquibase.changelog              : Index SELECTOR_PK created 
2024-11-14 23:18:36.304  INFO 1 - [       main] liquibase.changelog              : ChangeSet changelog/002_selector.xml::6::nkobzev ran successfully in 48ms 
2024-11-14 23:18:36.309  INFO 1 - [       main] liquibase.ui                     : Running Changeset: changelog/003_healing.xml::7::nkobzev 
2024-11-14 23:18:36.317  INFO 1 - [       main] liquibase.changelog              : Table HEALING created 
2024-11-14 23:18:36.319  INFO 1 - [       main] liquibase.changelog              : ChangeSet changelog/003_healing.xml::7::nkobzev ran successfully in 9ms 
2024-11-14 23:18:36.325  INFO 1 - [       main] liquibase.ui                     : Running Changeset: changelog/003_healing.xml::8::nkobzev 
2024-11-14 23:18:36.348  INFO 1 - [       main] liquibase.changelog              : Index HEALING_PK created 
2024-11-14 23:18:36.354  INFO 1 - [       main] liquibase.changelog              : Foreign key constraint added to HEALING (SELECTOR_ID) 
2024-11-14 23:18:36.356  INFO 1 - [       main] liquibase.changelog              : ChangeSet changelog/003_healing.xml::8::nkobzev ran successfully in 30ms 
2024-11-14 23:18:36.363  INFO 1 - [       main] liquibase.ui                     : Running Changeset: changelog/004_healingResult.xml::9::nkobzev 
2024-11-14 23:18:36.371  INFO 1 - [       main] liquibase.changelog              : Table HEALING_RESULT created 
2024-11-14 23:18:36.373  INFO 1 - [       main] liquibase.changelog              : ChangeSet changelog/004_healingResult.xml::9::nkobzev ran successfully in 9ms 
2024-11-14 23:18:36.379  INFO 1 - [       main] liquibase.ui                     : Running Changeset: changelog/004_healingResult.xml::10::nkobzev 
2024-11-14 23:18:36.403  INFO 1 - [       main] liquibase.changelog              : Index HEALING_RESULT_PK created 
2024-11-14 23:18:36.406  INFO 1 - [       main] liquibase.changelog              : Foreign key constraint added to HEALING_RESULT (HEALING_ID) 
2024-11-14 23:18:36.408  INFO 1 - [       main] liquibase.changelog              : ChangeSet changelog/004_healingResult.xml::10::nkobzev ran successfully in 29ms 
2024-11-14 23:18:36.413  INFO 1 - [       main] liquibase.ui                     : Running Changeset: changelog/005_report.xml::11::nkobzev 
2024-11-14 23:18:36.419  INFO 1 - [       main] liquibase.changelog              : Table REPORT created 
2024-11-14 23:18:36.421  INFO 1 - [       main] liquibase.changelog              : ChangeSet changelog/005_report.xml::11::nkobzev ran successfully in 7ms 
2024-11-14 23:18:36.426  INFO 1 - [       main] liquibase.ui                     : Running Changeset: changelog/005_report.xml::12::nkobzev 
2024-11-14 23:18:36.447  INFO 1 - [       main] liquibase.changelog              : Index REPORT_PK created 
2024-11-14 23:18:36.449  INFO 1 - [       main] liquibase.changelog              : ChangeSet changelog/005_report.xml::12::nkobzev ran successfully in 22ms 
2024-11-14 23:18:36.453  INFO 1 - [       main] liquibase.ui                     : Running Changeset: changelog/006_command_and_healingenable_column.xml::13::nkobzev 
2024-11-14 23:18:36.458  INFO 1 - [       main] liquibase.changelog              : Columns COMMAND(VARCHAR(264)),ENABLE_HEALING(BOOLEAN) added to SELECTOR 
2024-11-14 23:18:36.460  INFO 1 - [       main] liquibase.changelog              : ChangeSet changelog/006_command_and_healingenable_column.xml::13::nkobzev ran successfully in 6ms 
2024-11-14 23:18:36.467  INFO 1 - [       main] liquibase.util                   : UPDATE SUMMARY 
2024-11-14 23:18:36.468  INFO 1 - [       main] liquibase.util                   : Run:                         10 
2024-11-14 23:18:36.469  INFO 1 - [       main] liquibase.util                   : Previously run:               0 
2024-11-14 23:18:36.469  INFO 1 - [       main] liquibase.util                   : Filtered out:                 0 
2024-11-14 23:18:36.469  INFO 1 - [       main] liquibase.util                   : ------------------------------- 
2024-11-14 23:18:36.470  INFO 1 - [       main] liquibase.util                   : Total change sets:           10 
2024-11-14 23:18:36.470  INFO 1 - [       main] liquibase.util                   : Update summary generated 
2024-11-14 23:18:36.473  INFO 1 - [       main] liquibase.command                : Update command completed successfully. 
2024-11-14 23:18:36.474  INFO 1 - [       main] liquibase.ui                     : Liquibase: Update has been successful. Rows affected: 10 
2024-11-14 23:18:36.478  INFO 1 - [       main] liquibase.lockservice            : Successfully released change log lock 
2024-11-14 23:18:36.479  INFO 1 - [       main] liquibase.command                : Command execution complete 
2024-11-14 23:18:36.646  INFO 1 - [       main] o.h.j.internal.util.LogHelper    : HHH000204: Processing PersistenceUnitInfo [name: default] 
2024-11-14 23:18:36.746  INFO 1 - [       main] org.hibernate.Version            : HHH000412: Hibernate ORM core version 6.5.3.Final 
2024-11-14 23:18:36.809  INFO 1 - [       main] o.h.c.i.RegionFactoryInitiator   : HHH000026: Second-level cache disabled 
2024-11-14 23:18:37.310  INFO 1 - [       main] .o.j.p.SpringPersistenceUnitInfo : No LoadTimeWeaver setup: ignoring JPA class transformer 
2024-11-14 23:18:37.328  WARN 1 - [       main] org.hibernate.orm.deprecation    : HHH90000021: Encountered deprecated setting [hibernate.temp.use_jdbc_metadata_defaults], use [hibernate.boot.allow_jdbc_metadata_access] instead 
2024-11-14 23:18:37.355  WARN 1 - [       main] org.hibernate.orm.deprecation    : HHH90000025: PostgreSQLDialect does not need to be specified explicitly using 'hibernate.dialect' (remove the property setting and it will be selected by default) 
2024-11-14 23:18:38.690  WARN 1 - [       main] o.h.m.internal.MetadataContext   : HHH015011: Unable to locate static metamodel field : com.epam.healenium.model.domain.Selector_#nodePathWrapper; this may or may not indicate a problem with the static metamodel 
2024-11-14 23:18:38.696  INFO 1 - [       main] h.e.t.j.p.i.JtaPlatformInitiator : HHH000489: No JTA platform available (set 'hibernate.transaction.jta.platform' to enable JTA platform integration) 
2024-11-14 23:18:38.701  INFO 1 - [       main] ontainerEntityManagerFactoryBean : Initialized JPA EntityManagerFactory for persistence unit 'default' 
2024-11-14 23:18:39.321  INFO 1 - [       main] o.s.d.j.r.q.QueryEnhancerFactory : Hibernate is in classpath; If applicable, HQL parser will be used. 
2024-11-14 23:18:40.169  INFO 1 - [       main] .a.w.s.WelcomePageHandlerMapping : Adding welcome page template: index 
2024-11-14 23:18:41.098  INFO 1 - [       main] .s.b.a.e.w.EndpointLinksResolver : Exposing 1 endpoint beneath base path '/actuator' 
2024-11-14 23:18:41.268  INFO 1 - [       main] o.s.b.w.e.t.TomcatWebServer      : Tomcat started on port 7878 (http) with context path '/' 
2024-11-14 23:18:41.391  INFO 1 - [       main] c.epam.healenium.Application     : Started Application in 14.537 seconds (process running for 16.393) 
2024-11-14 23:18:44.765  INFO 1 - [7878-exec-1] o.a.c.c.C.[.[localhost].[/]      : Initializing Spring DispatcherServlet 'dispatcherServlet' 
2024-11-14 23:18:44.766  INFO 1 - [7878-exec-1] o.s.w.s.DispatcherServlet        : Initializing Servlet 'dispatcherServlet' 
2024-11-14 23:18:44.768  INFO 1 - [7878-exec-1] o.s.w.s.DispatcherServlet        : Completed initialization in 2 ms 
2024-11-14 23:23:47.266  INFO 1 - [7878-exec-3] healenium                        : [Save Elements] Request: By.xpath(//span[@class='label'][contains(.,'Account')]) 
2024-11-14 23:23:51.547  INFO 1 - [7878-exec-2] healenium                        : [Save Elements] Request: By.xpath(//a[text()='Log In']) 
2024-11-14 23:23:55.804  INFO 1 - [7878-exec-4] healenium                        : [Save Elements] Request: By.xpath(//input[@id='email']) 
2024-11-14 23:23:57.171  INFO 1 - [7878-exec-5] healenium                        : [Save Elements] Request: By.xpath(//input[@id='pass']) 
2024-11-14 23:23:58.545  INFO 1 - [7878-exec-6] healenium                        : [Save Elements] Request: By.xpath(//button[@title='Login']) 
2024-11-14 23:24:02.837  INFO 1 - [7878-exec-7] healenium                        : [Save Elements] Request: By.xpath((//img[@alt='TealiumEcommerce Demo'])[1]) 
2024-11-14 23:26:39.838  INFO 1 - [7878-exec-1] healenium                        : [Save Elements] Request: By.xpath(//span[@class='label'][contains(.,'Account')]) 
2024-11-14 23:26:44.122  INFO 1 - [7878-exec-3] healenium                        : [Save Elements] Request: By.xpath(//a[text()='Log In']) 
2024-11-14 23:26:48.367  INFO 1 - [7878-exec-2] healenium                        : [Save Elements] Request: By.xpath(//input[@id='email']) 
2024-11-14 23:26:49.757  INFO 1 - [7878-exec-4] healenium                        : [Save Elements] Request: By.xpath(//input[@id='pass']) 
2024-11-14 23:26:51.109  INFO 1 - [7878-exec-5] healenium                        : [Save Elements] Request: By.xpath(//button[@title='Login']) 
2024-11-14 23:26:55.386  INFO 1 - [7878-exec-6] healenium                        : [Save Elements] Request: By.xpath((//img[@alt='TealiumEcommerce Demo'])[1]) 
2024-11-14 23:29:57.969  INFO 1 - [7878-exec-1] healenium                        : [Save Elements] Request: By.xpath(//span[@class='label'][contains(.,'Account')]) 
2024-11-14 23:30:02.234  INFO 1 - [7878-exec-3] healenium                        : [Save Elements] Request: By.xpath(//a[text()='Log In']) 
2024-11-14 23:30:06.499  INFO 1 - [7878-exec-2] healenium                        : [Save Elements] Request: By.xpath(//input[@id='email']) 
2024-11-14 23:30:07.854  INFO 1 - [7878-exec-4] healenium                        : [Save Elements] Request: By.xpath(//input[@id='pass']) 
2024-11-14 23:30:09.214  INFO 1 - [7878-exec-5] healenium                        : [Save Elements] Request: By.xpath(//button[@title='Login']) 
2024-11-14 23:30:13.484  INFO 1 - [7878-exec-6] healenium                        : [Save Elements] Request: By.xpath((//img[@alt='TealiumEcommerce Demo'])[1]) 
2024-11-14 23:41:48.340  INFO 1 - [7878-exec-2] healenium                        : [Save Elements] Request: By.xpath(//span[@class='label'][contains(.,'Account')]) 
2024-11-14 23:41:48.990  INFO 1 - [7878-exec-4] healenium                        : [Save Elements] Request: By.xpath(//span[@class='label'][contains(.,'Account')]) 
2024-11-14 23:41:49.634  INFO 1 - [7878-exec-5] healenium                        : [Save Elements] Request: By.xpath(//span[@class='label'][contains(.,'Account')]) 
2024-11-14 23:41:50.247  INFO 1 - [7878-exec-6] healenium                        : [Save Elements] Request: By.xpath(//span[@class='label'][contains(.,'Account')]) 
2024-11-14 23:41:50.857  INFO 1 - [7878-exec-7] healenium                        : [Save Elements] Request: By.xpath(//span[@class='label'][contains(.,'Account')]) 
2024-11-14 23:41:51.468  INFO 1 - [7878-exec-8] healenium                        : [Save Elements] Request: By.xpath(//span[@class='label'][contains(.,'Account')]) 
2024-11-14 23:41:52.087  INFO 1 - [7878-exec-9] healenium                        : [Save Elements] Request: By.xpath(//span[@class='label'][contains(.,'Account')]) 
2024-11-14 23:41:52.698  INFO 1 - [878-exec-10] healenium                        : [Save Elements] Request: By.xpath(//span[@class='label'][contains(.,'Account')]) 
2024-11-14 23:41:53.315  INFO 1 - [7878-exec-1] healenium                        : [Save Elements] Request: By.xpath(//span[@class='label'][contains(.,'Account')]) 
2024-11-14 23:41:53.925  INFO 1 - [7878-exec-3] healenium                        : [Save Elements] Request: By.xpath(//span[@class='label'][contains(.,'Account')]) 
2024-11-14 23:41:54.533  INFO 1 - [7878-exec-2] healenium                        : [Save Elements] Request: By.xpath(//span[@class='label'][contains(.,'Account')]) 
2024-11-14 23:41:55.143  INFO 1 - [7878-exec-4] healenium                        : [Save Elements] Request: By.xpath(//span[@class='label'][contains(.,'Account')]) 
2024-11-14 23:41:55.759  INFO 1 - [7878-exec-5] healenium                        : [Save Elements] Request: By.xpath(//span[@class='label'][contains(.,'Account')]) 
2024-11-14 23:41:56.375  INFO 1 - [7878-exec-6] healenium                        : [Save Elements] Request: By.xpath(//span[@class='label'][contains(.,'Account')]) 
2024-11-14 23:41:56.986  INFO 1 - [7878-exec-7] healenium                        : [Save Elements] Request: By.xpath(//span[@class='label'][contains(.,'Account')]) 
2024-11-14 23:41:57.594  INFO 1 - [7878-exec-8] healenium                        : [Save Elements] Request: By.xpath(//span[@class='label'][contains(.,'Account')]) 
2024-11-14 23:41:58.206  INFO 1 - [7878-exec-9] healenium                        : [Save Elements] Request: By.xpath(//span[@class='label'][contains(.,'Account')]) 
2024-11-14 23:41:58.814  INFO 1 - [878-exec-10] healenium                        : [Save Elements] Request: By.xpath(//span[@class='label'][contains(.,'Account')]) 
2024-11-14 23:41:59.427  INFO 1 - [7878-exec-1] healenium                        : [Save Elements] Request: By.xpath(//span[@class='label'][contains(.,'Account')]) 
2024-11-14 23:42:00.035  INFO 1 - [7878-exec-3] healenium                        : [Save Elements] Request: By.xpath(//span[@class='label'][contains(.,'Account')]) 
2024-11-14 23:42:00.645  INFO 1 - [7878-exec-2] healenium                        : [Save Elements] Request: By.xpath(//span[@class='label'][contains(.,'Account')]) 
2024-11-14 23:42:01.254  INFO 1 - [7878-exec-4] healenium                        : [Save Elements] Request: By.xpath(//span[@class='label'][contains(.,'Account')]) 
2024-11-14 23:42:01.865  INFO 1 - [7878-exec-5] healenium                        : [Save Elements] Request: By.xpath(//span[@class='label'][contains(.,'Account')]) 
2024-11-14 23:42:02.472  INFO 1 - [7878-exec-6] healenium                        : [Save Elements] Request: By.xpath(//span[@class='label'][contains(.,'Account')]) 
2024-11-14 23:42:03.085  INFO 1 - [7878-exec-7] healenium                        : [Save Elements] Request: By.xpath(//span[@class='label'][contains(.,'Account')]) 
2024-11-14 23:42:03.693  INFO 1 - [7878-exec-8] healenium                        : [Save Elements] Request: By.xpath(//span[@class='label'][contains(.,'Account')]) 
2024-11-14 23:42:04.303  INFO 1 - [7878-exec-9] healenium                        : [Save Elements] Request: By.xpath(//span[@class='label'][contains(.,'Account')]) 
2024-11-14 23:42:04.924  INFO 1 - [878-exec-10] healenium                        : [Save Elements] Request: By.xpath(//span[@class='label'][contains(.,'Account')]) 
2024-11-14 23:42:05.535  INFO 1 - [7878-exec-1] healenium                        : [Save Elements] Request: By.xpath(//span[@class='label'][contains(.,'Account')]) 
2024-11-14 23:42:06.144  INFO 1 - [7878-exec-3] healenium                        : [Save Elements] Request: By.xpath(//span[@class='label'][contains(.,'Account')]) 
2024-11-14 23:42:06.756  INFO 1 - [7878-exec-2] healenium                        : [Save Elements] Request: By.xpath(//span[@class='label'][contains(.,'Account')]) 
2024-11-14 23:42:07.375  INFO 1 - [7878-exec-4] healenium                        : [Save Elements] Request: By.xpath(//span[@class='label'][contains(.,'Account')]) 
2024-11-14 23:42:40.266  INFO 1 - [7878-exec-9] healenium                        : [Save Elements] Request: By.xpath(//span[@class='label'][contains(.,'Account')]) 
2024-11-14 23:42:44.521  INFO 1 - [878-exec-10] healenium                        : [Save Elements] Request: By.xpath(//a[text()='Log In']) 
2024-11-14 23:42:48.753  INFO 1 - [7878-exec-3] healenium                        : [Save Elements] Request: By.xpath(//input[@id='email']) 
2024-11-14 23:42:50.123  INFO 1 - [7878-exec-2] healenium                        : [Save Elements] Request: By.xpath(//input[@id='pass']) 
2024-11-14 23:42:51.454  INFO 1 - [7878-exec-4] healenium                        : [Save Elements] Request: By.xpath(//button[@title='Login']) 
2024-11-14 23:42:55.713  INFO 1 - [7878-exec-5] healenium                        : [Save Elements] Request: By.xpath((//img[@alt='TealiumEcommerce Demo'])[1]) 
